<?xml version="1.0" encoding="UTF-8"?>
<testsuite xmlns:xsi="http://www.w3.org/2001/XMLSchema-instance" xsi:noNamespaceSchemaLocation="https://maven.apache.org/surefire/maven-surefire-plugin/xsd/surefire-test-report.xsd" name="com.example.demo.OwlApplicationTests" time="2.748" tests="1" errors="0" skipped="0" failures="0">
  <properties>
    <property name="sun.desktop" value="windows"/>
    <property name="awt.toolkit" value="sun.awt.windows.WToolkit"/>
    <property name="file.encoding.pkg" value="sun.io"/>
    <property name="java.specification.version" value="1.8"/>
    <property name="sun.cpu.isalist" value="amd64"/>
    <property name="sun.jnu.encoding" value="GBK"/>
    <property name="java.class.path" value="E:\owl\owl-portal\target\test-classes;E:\owl\owl-portal\target\classes;E:\repository\org\springframework\boot\spring-boot-starter-web\2.0.4.RELEASE\spring-boot-starter-web-2.0.4.RELEASE.jar;E:\repository\org\springframework\boot\spring-boot-starter\2.0.4.RELEASE\spring-boot-starter-2.0.4.RELEASE.jar;E:\repository\org\springframework\boot\spring-boot\2.0.4.RELEASE\spring-boot-2.0.4.RELEASE.jar;E:\repository\org\springframework\boot\spring-boot-autoconfigure\2.0.4.RELEASE\spring-boot-autoconfigure-2.0.4.RELEASE.jar;E:\repository\org\springframework\boot\spring-boot-starter-logging\2.0.4.RELEASE\spring-boot-starter-logging-2.0.4.RELEASE.jar;E:\repository\ch\qos\logback\logback-classic\1.2.3\logback-classic-1.2.3.jar;E:\repository\ch\qos\logback\logback-core\1.2.3\logback-core-1.2.3.jar;E:\repository\org\apache\logging\log4j\log4j-to-slf4j\2.10.0\log4j-to-slf4j-2.10.0.jar;E:\repository\org\apache\logging\log4j\log4j-api\2.10.0\log4j-api-2.10.0.jar;E:\repository\org\slf4j\jul-to-slf4j\1.7.25\jul-to-slf4j-1.7.25.jar;E:\repository\javax\annotation\javax.annotation-api\1.3.2\javax.annotation-api-1.3.2.jar;E:\repository\org\yaml\snakeyaml\1.19\snakeyaml-1.19.jar;E:\repository\org\springframework\boot\spring-boot-starter-json\2.0.4.RELEASE\spring-boot-starter-json-2.0.4.RELEASE.jar;E:\repository\com\fasterxml\jackson\core\jackson-databind\2.9.6\jackson-databind-2.9.6.jar;E:\repository\com\fasterxml\jackson\core\jackson-annotations\2.9.0\jackson-annotations-2.9.0.jar;E:\repository\com\fasterxml\jackson\core\jackson-core\2.9.6\jackson-core-2.9.6.jar;E:\repository\com\fasterxml\jackson\datatype\jackson-datatype-jdk8\2.9.6\jackson-datatype-jdk8-2.9.6.jar;E:\repository\com\fasterxml\jackson\datatype\jackson-datatype-jsr310\2.9.6\jackson-datatype-jsr310-2.9.6.jar;E:\repository\com\fasterxml\jackson\module\jackson-module-parameter-names\2.9.6\jackson-module-parameter-names-2.9.6.jar;E:\repository\org\springframework\boot\spring-boot-starter-tomcat\2.0.4.RELEASE\spring-boot-starter-tomcat-2.0.4.RELEASE.jar;E:\repository\org\apache\tomcat\embed\tomcat-embed-core\8.5.32\tomcat-embed-core-8.5.32.jar;E:\repository\org\apache\tomcat\embed\tomcat-embed-el\8.5.32\tomcat-embed-el-8.5.32.jar;E:\repository\org\apache\tomcat\embed\tomcat-embed-websocket\8.5.32\tomcat-embed-websocket-8.5.32.jar;E:\repository\org\hibernate\validator\hibernate-validator\6.0.11.Final\hibernate-validator-6.0.11.Final.jar;E:\repository\javax\validation\validation-api\2.0.1.Final\validation-api-2.0.1.Final.jar;E:\repository\org\jboss\logging\jboss-logging\3.3.2.Final\jboss-logging-3.3.2.Final.jar;E:\repository\com\fasterxml\classmate\1.3.4\classmate-1.3.4.jar;E:\repository\org\springframework\spring-web\5.0.8.RELEASE\spring-web-5.0.8.RELEASE.jar;E:\repository\org\springframework\spring-webmvc\5.0.8.RELEASE\spring-webmvc-5.0.8.RELEASE.jar;E:\repository\org\springframework\boot\spring-boot-starter-test\2.0.4.RELEASE\spring-boot-starter-test-2.0.4.RELEASE.jar;E:\repository\org\springframework\boot\spring-boot-test\2.0.4.RELEASE\spring-boot-test-2.0.4.RELEASE.jar;E:\repository\org\springframework\boot\spring-boot-test-autoconfigure\2.0.4.RELEASE\spring-boot-test-autoconfigure-2.0.4.RELEASE.jar;E:\repository\com\jayway\jsonpath\json-path\2.4.0\json-path-2.4.0.jar;E:\repository\net\minidev\json-smart\2.3\json-smart-2.3.jar;E:\repository\net\minidev\accessors-smart\1.2\accessors-smart-1.2.jar;E:\repository\org\ow2\asm\asm\5.0.4\asm-5.0.4.jar;E:\repository\org\slf4j\slf4j-api\1.7.25\slf4j-api-1.7.25.jar;E:\repository\junit\junit\4.12\junit-4.12.jar;E:\repository\org\assertj\assertj-core\3.9.1\assertj-core-3.9.1.jar;E:\repository\org\mockito\mockito-core\2.15.0\mockito-core-2.15.0.jar;E:\repository\net\bytebuddy\byte-buddy\1.7.11\byte-buddy-1.7.11.jar;E:\repository\net\bytebuddy\byte-buddy-agent\1.7.11\byte-buddy-agent-1.7.11.jar;E:\repository\org\objenesis\objenesis\2.6\objenesis-2.6.jar;E:\repository\org\hamcrest\hamcrest-core\1.3\hamcrest-core-1.3.jar;E:\repository\org\hamcrest\hamcrest-library\1.3\hamcrest-library-1.3.jar;E:\repository\org\skyscreamer\jsonassert\1.5.0\jsonassert-1.5.0.jar;E:\repository\com\vaadin\external\google\android-json\0.0.20131108.vaadin1\android-json-0.0.20131108.vaadin1.jar;E:\repository\org\springframework\spring-core\5.0.8.RELEASE\spring-core-5.0.8.RELEASE.jar;E:\repository\org\springframework\spring-jcl\5.0.8.RELEASE\spring-jcl-5.0.8.RELEASE.jar;E:\repository\org\springframework\spring-test\5.0.8.RELEASE\spring-test-5.0.8.RELEASE.jar;E:\repository\org\xmlunit\xmlunit-core\2.5.1\xmlunit-core-2.5.1.jar;E:\repository\org\projectlombok\lombok\1.18.4\lombok-1.18.4.jar;E:\repository\org\springframework\security\spring-security-web\5.0.8.RELEASE\spring-security-web-5.0.8.RELEASE.jar;E:\repository\org\springframework\security\spring-security-core\5.0.7.RELEASE\spring-security-core-5.0.7.RELEASE.jar;E:\repository\org\springframework\spring-aop\5.0.8.RELEASE\spring-aop-5.0.8.RELEASE.jar;E:\repository\org\springframework\spring-beans\5.0.8.RELEASE\spring-beans-5.0.8.RELEASE.jar;E:\repository\org\springframework\spring-context\5.0.8.RELEASE\spring-context-5.0.8.RELEASE.jar;E:\repository\org\springframework\spring-expression\5.0.8.RELEASE\spring-expression-5.0.8.RELEASE.jar;"/>
    <property name="java.vm.vendor" value="Oracle Corporation"/>
    <property name="sun.arch.data.model" value="64"/>
    <property name="user.variant" value=""/>
    <property name="java.vendor.url" value="http://java.oracle.com/"/>
    <property name="user.timezone" value=""/>
    <property name="java.vm.specification.version" value="1.8"/>
    <property name="os.name" value="Windows 10"/>
    <property name="user.country" value="CN"/>
    <property name="sun.java.launcher" value="SUN_STANDARD"/>
    <property name="sun.boot.library.path" value="C:\Program Files\Java\jdk1.8.0_161\jre\bin"/>
    <property name="sun.java.command" value="C:\Users\lyl\AppData\Local\Temp\surefire4501432713863901250\surefirebooter6011029394339435539.jar C:\Users\lyl\AppData\Local\Temp\surefire4501432713863901250 2018-11-29T22-35-14_022-jvmRun1 surefire7509575802714772130tmp surefire_03141611513377632479tmp"/>
    <property name="surefire.test.class.path" value="E:\owl\owl-portal\target\test-classes;E:\owl\owl-portal\target\classes;E:\repository\org\springframework\boot\spring-boot-starter-web\2.0.4.RELEASE\spring-boot-starter-web-2.0.4.RELEASE.jar;E:\repository\org\springframework\boot\spring-boot-starter\2.0.4.RELEASE\spring-boot-starter-2.0.4.RELEASE.jar;E:\repository\org\springframework\boot\spring-boot\2.0.4.RELEASE\spring-boot-2.0.4.RELEASE.jar;E:\repository\org\springframework\boot\spring-boot-autoconfigure\2.0.4.RELEASE\spring-boot-autoconfigure-2.0.4.RELEASE.jar;E:\repository\org\springframework\boot\spring-boot-starter-logging\2.0.4.RELEASE\spring-boot-starter-logging-2.0.4.RELEASE.jar;E:\repository\ch\qos\logback\logback-classic\1.2.3\logback-classic-1.2.3.jar;E:\repository\ch\qos\logback\logback-core\1.2.3\logback-core-1.2.3.jar;E:\repository\org\apache\logging\log4j\log4j-to-slf4j\2.10.0\log4j-to-slf4j-2.10.0.jar;E:\repository\org\apache\logging\log4j\log4j-api\2.10.0\log4j-api-2.10.0.jar;E:\repository\org\slf4j\jul-to-slf4j\1.7.25\jul-to-slf4j-1.7.25.jar;E:\repository\javax\annotation\javax.annotation-api\1.3.2\javax.annotation-api-1.3.2.jar;E:\repository\org\yaml\snakeyaml\1.19\snakeyaml-1.19.jar;E:\repository\org\springframework\boot\spring-boot-starter-json\2.0.4.RELEASE\spring-boot-starter-json-2.0.4.RELEASE.jar;E:\repository\com\fasterxml\jackson\core\jackson-databind\2.9.6\jackson-databind-2.9.6.jar;E:\repository\com\fasterxml\jackson\core\jackson-annotations\2.9.0\jackson-annotations-2.9.0.jar;E:\repository\com\fasterxml\jackson\core\jackson-core\2.9.6\jackson-core-2.9.6.jar;E:\repository\com\fasterxml\jackson\datatype\jackson-datatype-jdk8\2.9.6\jackson-datatype-jdk8-2.9.6.jar;E:\repository\com\fasterxml\jackson\datatype\jackson-datatype-jsr310\2.9.6\jackson-datatype-jsr310-2.9.6.jar;E:\repository\com\fasterxml\jackson\module\jackson-module-parameter-names\2.9.6\jackson-module-parameter-names-2.9.6.jar;E:\repository\org\springframework\boot\spring-boot-starter-tomcat\2.0.4.RELEASE\spring-boot-starter-tomcat-2.0.4.RELEASE.jar;E:\repository\org\apache\tomcat\embed\tomcat-embed-core\8.5.32\tomcat-embed-core-8.5.32.jar;E:\repository\org\apache\tomcat\embed\tomcat-embed-el\8.5.32\tomcat-embed-el-8.5.32.jar;E:\repository\org\apache\tomcat\embed\tomcat-embed-websocket\8.5.32\tomcat-embed-websocket-8.5.32.jar;E:\repository\org\hibernate\validator\hibernate-validator\6.0.11.Final\hibernate-validator-6.0.11.Final.jar;E:\repository\javax\validation\validation-api\2.0.1.Final\validation-api-2.0.1.Final.jar;E:\repository\org\jboss\logging\jboss-logging\3.3.2.Final\jboss-logging-3.3.2.Final.jar;E:\repository\com\fasterxml\classmate\1.3.4\classmate-1.3.4.jar;E:\repository\org\springframework\spring-web\5.0.8.RELEASE\spring-web-5.0.8.RELEASE.jar;E:\repository\org\springframework\spring-webmvc\5.0.8.RELEASE\spring-webmvc-5.0.8.RELEASE.jar;E:\repository\org\springframework\boot\spring-boot-starter-test\2.0.4.RELEASE\spring-boot-starter-test-2.0.4.RELEASE.jar;E:\repository\org\springframework\boot\spring-boot-test\2.0.4.RELEASE\spring-boot-test-2.0.4.RELEASE.jar;E:\repository\org\springframework\boot\spring-boot-test-autoconfigure\2.0.4.RELEASE\spring-boot-test-autoconfigure-2.0.4.RELEASE.jar;E:\repository\com\jayway\jsonpath\json-path\2.4.0\json-path-2.4.0.jar;E:\repository\net\minidev\json-smart\2.3\json-smart-2.3.jar;E:\repository\net\minidev\accessors-smart\1.2\accessors-smart-1.2.jar;E:\repository\org\ow2\asm\asm\5.0.4\asm-5.0.4.jar;E:\repository\org\slf4j\slf4j-api\1.7.25\slf4j-api-1.7.25.jar;E:\repository\junit\junit\4.12\junit-4.12.jar;E:\repository\org\assertj\assertj-core\3.9.1\assertj-core-3.9.1.jar;E:\repository\org\mockito\mockito-core\2.15.0\mockito-core-2.15.0.jar;E:\repository\net\bytebuddy\byte-buddy\1.7.11\byte-buddy-1.7.11.jar;E:\repository\net\bytebuddy\byte-buddy-agent\1.7.11\byte-buddy-agent-1.7.11.jar;E:\repository\org\objenesis\objenesis\2.6\objenesis-2.6.jar;E:\repository\org\hamcrest\hamcrest-core\1.3\hamcrest-core-1.3.jar;E:\repository\org\hamcrest\hamcrest-library\1.3\hamcrest-library-1.3.jar;E:\repository\org\skyscreamer\jsonassert\1.5.0\jsonassert-1.5.0.jar;E:\repository\com\vaadin\external\google\android-json\0.0.20131108.vaadin1\android-json-0.0.20131108.vaadin1.jar;E:\repository\org\springframework\spring-core\5.0.8.RELEASE\spring-core-5.0.8.RELEASE.jar;E:\repository\org\springframework\spring-jcl\5.0.8.RELEASE\spring-jcl-5.0.8.RELEASE.jar;E:\repository\org\springframework\spring-test\5.0.8.RELEASE\spring-test-5.0.8.RELEASE.jar;E:\repository\org\xmlunit\xmlunit-core\2.5.1\xmlunit-core-2.5.1.jar;E:\repository\org\projectlombok\lombok\1.18.4\lombok-1.18.4.jar;E:\repository\org\springframework\security\spring-security-web\5.0.8.RELEASE\spring-security-web-5.0.8.RELEASE.jar;E:\repository\org\springframework\security\spring-security-core\5.0.7.RELEASE\spring-security-core-5.0.7.RELEASE.jar;E:\repository\org\springframework\spring-aop\5.0.8.RELEASE\spring-aop-5.0.8.RELEASE.jar;E:\repository\org\springframework\spring-beans\5.0.8.RELEASE\spring-beans-5.0.8.RELEASE.jar;E:\repository\org\springframework\spring-context\5.0.8.RELEASE\spring-context-5.0.8.RELEASE.jar;E:\repository\org\springframework\spring-expression\5.0.8.RELEASE\spring-expression-5.0.8.RELEASE.jar;"/>
    <property name="sun.cpu.endian" value="little"/>
    <property name="user.home" value="C:\Users\lyl"/>
    <property name="user.language" value="zh"/>
    <property name="java.specification.vendor" value="Oracle Corporation"/>
    <property name="java.home" value="C:\Program Files\Java\jdk1.8.0_161\jre"/>
    <property name="basedir" value="E:\owl\owl-portal"/>
    <property name="file.separator" value="\"/>
    <property name="line.separator" value="&#10;"/>
    <property name="java.vm.specification.vendor" value="Oracle Corporation"/>
    <property name="java.specification.name" value="Java Platform API Specification"/>
    <property name="java.awt.graphicsenv" value="sun.awt.Win32GraphicsEnvironment"/>
    <property name="surefire.real.class.path" value="C:\Users\lyl\AppData\Local\Temp\surefire4501432713863901250\surefirebooter6011029394339435539.jar"/>
    <property name="sun.boot.class.path" value="C:\Program Files\Java\jdk1.8.0_161\jre\lib\resources.jar;C:\Program Files\Java\jdk1.8.0_161\jre\lib\rt.jar;C:\Program Files\Java\jdk1.8.0_161\jre\lib\sunrsasign.jar;C:\Program Files\Java\jdk1.8.0_161\jre\lib\jsse.jar;C:\Program Files\Java\jdk1.8.0_161\jre\lib\jce.jar;C:\Program Files\Java\jdk1.8.0_161\jre\lib\charsets.jar;C:\Program Files\Java\jdk1.8.0_161\jre\lib\jfr.jar;C:\Program Files\Java\jdk1.8.0_161\jre\classes"/>
    <property name="user.script" value=""/>
    <property name="sun.management.compiler" value="HotSpot 64-Bit Tiered Compilers"/>
    <property name="java.runtime.version" value="1.8.0_161-b12"/>
    <property name="user.name" value="lyl"/>
    <property name="path.separator" value=";"/>
    <property name="os.version" value="10.0"/>
    <property name="java.endorsed.dirs" value="C:\Program Files\Java\jdk1.8.0_161\jre\lib\endorsed"/>
    <property name="java.runtime.name" value="Java(TM) SE Runtime Environment"/>
    <property name="file.encoding" value="GBK"/>
    <property name="java.vm.name" value="Java HotSpot(TM) 64-Bit Server VM"/>
    <property name="localRepository" value="E:\repository"/>
    <property name="java.vendor.url.bug" value="http://bugreport.sun.com/bugreport/"/>
    <property name="java.io.tmpdir" value="C:\Users\lyl\AppData\Local\Temp\"/>
    <property name="idea.version" value="2018.1.5"/>
    <property name="java.version" value="1.8.0_161"/>
    <property name="user.dir" value="E:\owl\owl-portal"/>
    <property name="os.arch" value="amd64"/>
    <property name="java.vm.specification.name" value="Java Virtual Machine Specification"/>
    <property name="java.awt.printerjob" value="sun.awt.windows.WPrinterJob"/>
    <property name="sun.os.patch.level" value=""/>
    <property name="java.library.path" value="C:\Program Files\Java\jdk1.8.0_161\jre\bin;C:\WINDOWS\Sun\Java\bin;C:\WINDOWS\system32;C:\WINDOWS;C:\Program Files\Microsoft MPI\Bin\;C:\ProgramData\Oracle\Java\javapath;C:\Windows\system32;C:\Windows;C:\Windows\System32\Wbem;C:\Windows\System32\WindowsPowerShell\v1.0\;C:\Program Files (x86)\NVIDIA Corporation\PhysX\Common;D:\Git\cmd;D:\erl9.1\bin;D:\apache-maven-3.5.0\bin;&quot;C:\Program Files\Java\jdk1.8.0_161\bin;C:\Program Files\Java\jdk1.8.0_161\jre\bin;&quot;;C:\Program Files (x86)\scala\bin;D:\spark-2.3.0-bin-hadoop2.7\bin;D:\gradle-4.8-rc-1\bin;;C:\WINDOWS\system32;C:\WINDOWS;C:\WINDOWS\System32\Wbem;C:\WINDOWS\System32\WindowsPowerShell\v1.0\;C:\WINDOWS\System32\OpenSSH\;C:\Program Files\dotnet\;C:\Program Files\Microsoft SQL Server\130\Tools\Binn\;C:\Users\lyl\AppData\Local\Microsoft\WindowsApps;;."/>
    <property name="java.vm.info" value="mixed mode"/>
    <property name="java.vendor" value="Oracle Corporation"/>
    <property name="java.vm.version" value="25.161-b12"/>
    <property name="java.ext.dirs" value="C:\Program Files\Java\jdk1.8.0_161\jre\lib\ext;C:\WINDOWS\Sun\Java\lib\ext"/>
    <property name="sun.io.unicode.encoding" value="UnicodeLittle"/>
    <property name="maven.repo.local" value="E:\repository"/>
    <property name="java.class.version" value="52.0"/>
  </properties>
  <testcase name="contextLoads" classname="com.example.demo.OwlApplicationTests" time="0.171"/>
</testsuite>